-------------------------------------------------------------------------------
Test set: sistema.GestionPedidosIntegrationTest
-------------------------------------------------------------------------------
Tests run: 3, Failures: 2, Errors: 0, Skipped: 0, Time elapsed: 0.065 s <<< FAILURE! -- in sistema.GestionPedidosIntegrationTest
sistema.GestionPedidosIntegrationTest.noDeberiaFallarSiSeAgregaProductoNulo -- Time elapsed: 0.034 s <<< FAILURE!
org.opentest4j.AssertionFailedError: El sistema debería filtrar productos nulos en la integración ==> Unexpected exception thrown: java.lang.NullPointerException: Cannot invoke "sistema.Producto.calcularPrecio(sistema.Producto)" because "p" is null
	at org.junit.jupiter.api.AssertionFailureBuilder.build(AssertionFailureBuilder.java:152)
	at org.junit.jupiter.api.AssertDoesNotThrow.createAssertionFailedError(AssertDoesNotThrow.java:84)
	at org.junit.jupiter.api.AssertDoesNotThrow.assertDoesNotThrow(AssertDoesNotThrow.java:53)
	at org.junit.jupiter.api.AssertDoesNotThrow.assertDoesNotThrow(AssertDoesNotThrow.java:40)
	at org.junit.jupiter.api.Assertions.assertDoesNotThrow(Assertions.java:3187)
	at sistema.GestionPedidosIntegrationTest.noDeberiaFallarSiSeAgregaProductoNulo(GestionPedidosIntegrationTest.java:56)
	at java.base/java.lang.reflect.Method.invoke(Method.java:569)
	at java.base/java.util.ArrayList.forEach(ArrayList.java:1511)
	at java.base/java.util.ArrayList.forEach(ArrayList.java:1511)
Caused by: java.lang.NullPointerException: Cannot invoke "sistema.Producto.calcularPrecio(sistema.Producto)" because "p" is null
	at sistema.Pedido.calcularTotal(Pedido.java:28)
	at sistema.GestionPedidosIntegrationTest.lambda$0(GestionPedidosIntegrationTest.java:58)
	at org.junit.jupiter.api.AssertDoesNotThrow.assertDoesNotThrow(AssertDoesNotThrow.java:49)
	... 6 more

sistema.GestionPedidosIntegrationTest.deberiaCalcularTotalConProductosMixtos -- Time elapsed: 0 s <<< FAILURE!
org.opentest4j.AssertionFailedError: El pedido no integró correctamente los precios finales de los productos ==> expected: <92.0> but was: <98.615>
	at org.junit.jupiter.api.AssertionFailureBuilder.build(AssertionFailureBuilder.java:151)
	at org.junit.jupiter.api.AssertionFailureBuilder.buildAndThrow(AssertionFailureBuilder.java:132)
	at org.junit.jupiter.api.AssertEquals.failNotEqual(AssertEquals.java:197)
	at org.junit.jupiter.api.AssertEquals.assertEquals(AssertEquals.java:70)
	at org.junit.jupiter.api.Assertions.assertEquals(Assertions.java:929)
	at sistema.GestionPedidosIntegrationTest.deberiaCalcularTotalConProductosMixtos(GestionPedidosIntegrationTest.java:41)
	at java.base/java.lang.reflect.Method.invoke(Method.java:569)
	at java.base/java.util.ArrayList.forEach(ArrayList.java:1511)
	at java.base/java.util.ArrayList.forEach(ArrayList.java:1511)

